<?xml version="1.0" encoding="UTF-8"?>
<!-- Generated by org.testng.reporters.JUnitReportReporter -->
<testsuite hostname="Harsha" failures="0" tests="4" name="practiceTestNG.InvocationCount" time="0.016" errors="0" timestamp="2025-05-10T09:59:50 IST" skipped="1">
  <testcase classname="practiceTestNG.InvocationCount" name="q" time="0.014"/>
  <system-out/>
  <testcase classname="practiceTestNG.InvocationCount" name="w" time="0.001"/>
  <system-out/>
  <testcase classname="practiceTestNG.InvocationCount" name="p" time="0.001"/>
  <system-out/>
  <testcase classname="practiceTestNG.InvocationCount" name="f">
    <skipped/>
  </testcase> <!-- f -->
  <system-out/>
</testsuite> <!-- practiceTestNG.InvocationCount -->
