<?xml version="1.0" encoding="UTF-8"?>
<!-- Generated by org.testng.reporters.JUnitReportReporter -->
<testsuite hostname="Harsha" failures="0" tests="3" name="practiceTestNG.DependsOnMethod" time="0.017" errors="0" timestamp="2025-05-10T10:07:00 IST" skipped="0">
  <testcase classname="practiceTestNG.DependsOnMethod" name="launchBrouser" time="0.016"/>
  <system-out/>
  <testcase classname="practiceTestNG.DependsOnMethod" name="webElement" time="0.000"/>
  <system-out/>
  <testcase classname="practiceTestNG.DependsOnMethod" name="hitURL" time="0.001"/>
  <system-out/>
</testsuite> <!-- practiceTestNG.DependsOnMethod -->
