<?xml version="1.0" encoding="UTF-8"?>
<!-- Generated by org.testng.reporters.JUnitReportReporter -->
<testsuite hostname="Harsha" failures="0" tests="1" name="practiceTestNG.Groups_Parameter" time="0.010" errors="0" timestamp="2025-05-11T15:22:48 IST" skipped="0">
  <testcase classname="practiceTestNG.Groups_Parameter" name="cosmetic" time="0.010"/>
  <system-out/>
</testsuite> <!-- practiceTestNG.Groups_Parameter -->
