<?xml version="1.0" encoding="UTF-8"?>
<!-- Generated by org.testng.reporters.JUnitReportReporter -->
<testsuite hostname="Harsha" failures="0" tests="5" name="practiceTestNG.NewTest" time="0.015" errors="0" timestamp="2025-05-10T09:22:32 IST" skipped="0">
  <testcase classname="practiceTestNG.NewTest" name="e" time="0.009"/>
  <system-out/>
  <testcase classname="practiceTestNG.NewTest" name="r" time="0.001"/>
  <system-out/>
  <testcase classname="practiceTestNG.NewTest" name="d" time="0.001"/>
  <system-out/>
  <testcase classname="practiceTestNG.NewTest" name="f" time="0.003"/>
  <system-out/>
  <testcase classname="practiceTestNG.NewTest" name="a" time="0.001"/>
  <system-out/>
</testsuite> <!-- practiceTestNG.NewTest -->
