<?xml version="1.0" encoding="UTF-8"?>
<!-- Generated by org.testng.reporters.JUnitReportReporter -->
<testsuite hostname="Harsha" failures="0" tests="5" name="practiceTestNG.Snapdeal" time="10.915" errors="0" timestamp="2025-05-11T15:23:43 IST" skipped="0">
  <testcase classname="practiceTestNG.Snapdeal" name="MensFashion" time="2.224"/>
  <system-out/>
  <testcase classname="practiceTestNG.Snapdeal" name="WomensFashion" time="2.160"/>
  <system-out/>
  <testcase classname="practiceTestNG.Snapdeal" name="HomenKitchen" time="2.217"/>
  <system-out/>
  <testcase classname="practiceTestNG.Snapdeal" name="ToysKids" time="2.167"/>
  <system-out/>
  <testcase classname="practiceTestNG.Snapdeal" name="BeautyHealth" time="2.147"/>
  <system-out/>
</testsuite> <!-- practiceTestNG.Snapdeal -->
