<?xml version="1.0" encoding="UTF-8"?>
<!-- Generated by org.testng.reporters.JUnitReportReporter -->
<testsuite hostname="Harsha" failures="0" tests="2" name="practiceTestNG.Example" time="0.016" errors="0" timestamp="2025-05-10T16:53:31 IST" skipped="0">
  <testcase classname="practiceTestNG.Example" name="a" time="0.015"/>
  <system-out/>
  <testcase classname="practiceTestNG.Example" name="f" time="0.001"/>
  <system-out/>
</testsuite> <!-- practiceTestNG.Example -->
