<?xml version="1.0" encoding="UTF-8"?>
<!-- Generated by org.testng.reporters.JUnitReportReporter -->
<testsuite hostname="Harsha" failures="0" tests="1" name="testCases.TC002_LoginTest" time="1.247" errors="0" timestamp="2025-04-09T00:08:00 IST" skipped="0">
  <testcase classname="testCases.TC002_LoginTest" name="verify_login" time="1.247"/>
</testsuite> <!-- testCases.TC002_LoginTest -->
