<?xml version="1.0" encoding="UTF-8"?>
<!-- Generated by org.testng.reporters.JUnitReportReporter -->
<testsuite hostname="Harsha" failures="0" tests="1" name="testCases.TC001_AccountRegistrationTest" time="2.261" errors="0" timestamp="2025-04-09T00:08:00 IST" skipped="0">
  <testcase classname="testCases.TC001_AccountRegistrationTest" name="verify_account_registration" time="2.261"/>
</testsuite> <!-- testCases.TC001_AccountRegistrationTest -->
